-------------------------------------------------------------------------------
Test set: Test_country
-------------------------------------------------------------------------------
Tests run: 1, Failures: 0, Errors: 1, Skipped: 0, Time elapsed: 132.36 s <<< FAILURE! - in Test_country
click_grid  Time elapsed: 8.305 s  <<< ERROR!
org.openqa.selenium.TimeoutException: Expected condition failed: waiting for element to be clickable: By.cssSelector: #layout-wrapper > div.main-content > div.page-content > div > div > div > div > div > div.ag-theme-alpine > div > div > div.ag-root-wrapper-body.ag-focus-managed.ag-layout-normal > div.ag-root.ag-unselectable.ag-layout-normal > div.ag-header.ag-pivot-off.ag-header-allow-overflow > div.ag-pinned-left-header > div > div > div.ag-header-cell-comp-wrapper > div > span > span (tried for 20 second(s) with 500 milliseconds interval)
	at Test_country.click_grid(Test_country.java:121)
Caused by: org.openqa.selenium.NoSuchElementException: 
no such element: Unable to locate element: {"method":"css selector","selector":"#layout-wrapper > div.main-content > div.page-content > div > div > div > div > div > div.ag-theme-alpine > div > div > div.ag-root-wrapper-body.ag-focus-managed.ag-layout-normal > div.ag-root.ag-unselectable.ag-layout-normal > div.ag-header.ag-pivot-off.ag-header-allow-overflow > div.ag-pinned-left-header > div > div > div.ag-header-cell-comp-wrapper > div > span > span"}
  (Session info: chrome=126.0.6478.127)
For documentation on this error, please visit: https://www.seleniumhq.org/exceptions/no_such_element.html
Build info: version: '3.141.59', revision: 'e82be7d358', time: '2018-11-14T08:17:03'
System info: host: 'DESKTOP-88054L4', ip: '192.168.1.23', os.name: 'Windows 11', os.arch: 'amd64', os.version: '10.0', java.version: '17.0.10'
Driver info: org.openqa.selenium.chrome.ChromeDriver
Capabilities {acceptInsecureCerts: false, browserName: chrome, browserVersion: 126.0.6478.127, chrome: {chromedriverVersion: 126.0.6478.126 (d36ace6122e..., userDataDir: C:\Users\90545\AppData\Loca...}, fedcm:accounts: true, goog:chromeOptions: {debuggerAddress: localhost:62383}, javascriptEnabled: true, networkConnectionEnabled: false, pageLoadStrategy: normal, platform: WINDOWS, platformName: WINDOWS, proxy: Proxy(), setWindowRect: true, strictFileInteractability: false, timeouts: {implicit: 0, pageLoad: 300000, script: 30000}, unhandledPromptBehavior: dismiss and notify, webauthn:extension:credBlob: true, webauthn:extension:largeBlob: true, webauthn:extension:minPinLength: true, webauthn:extension:prf: true, webauthn:virtualAuthenticators: true}
Session ID: 442a712718a4185b53907cfde3e70707
*** Element info: {Using=css selector, value=#layout-wrapper > div.main-content > div.page-content > div > div > div > div > div > div.ag-theme-alpine > div > div > div.ag-root-wrapper-body.ag-focus-managed.ag-layout-normal > div.ag-root.ag-unselectable.ag-layout-normal > div.ag-header.ag-pivot-off.ag-header-allow-overflow > div.ag-pinned-left-header > div > div > div.ag-header-cell-comp-wrapper > div > span > span}
	at Test_country.click_grid(Test_country.java:121)

