<?xml version="1.0" encoding="UTF-8"?>
<testsuite xmlns:xsi="http://www.w3.org/2001/XMLSchema-instance" xsi:noNamespaceSchemaLocation="https://maven.apache.org/surefire/maven-surefire-plugin/xsd/surefire-test-report.xsd" name="Test_City" time="86.092" tests="29" errors="17" skipped="0" failures="0">
  <properties>
[...]
</properties>
  <testcase name="Test_Currency" classname="Test_Currency" time="4.953"/>
  <testcase name="Test_Currency" classname="Test_country" time="4.493"/>
  <testcase name="search" classname="Test_Currency" time="2.109"/>
  <testcase name="search" classname="Test_Client" time="2.057"/>
  <testcase name="search" classname="Test_country" time="3.807">
    <error message="Expected condition failed: waiting for visibility of element located by By.xpath: //li/a/span[contains(text() , &apos;Client Management&apos;)] (tried for 20 second(s) with 500 milliseconds interval)" type="org.openqa.selenium.TimeoutException">org.openqa.selenium.TimeoutException: Expected condition failed: waiting for visibility of element located by By.xpath: //li/a/span[contains(text() , 'Client Management')] (tried for 20 second(s) with 500 milliseconds interval)
	at Test_country.search(Test_country.java:41)
Caused by: org.openqa.selenium.NoSuchElementException: 
no such element: Unable to locate element: {"method":"xpath","selector":"//li/a/span[contains(text() , 'Client Management')]"}
  (Session info: chrome=126.0.6478.127)
For documentation on this error, please visit: https://www.seleniumhq.org/exceptions/no_such_element.html
Build info: version: '3.141.59', revision: 'e82be7d358', time: '2018-11-14T08:17:03'
System info: host: 'DESKTOP-88054L4', ip: '192.168.1.23', os.name: 'Windows 11', os.arch: 'amd64', os.version: '10.0', java.version: '17.0.10'
Driver info: org.openqa.selenium.chrome.ChromeDriver
Capabilities {acceptInsecureCerts: false, browserName: chrome, browserVersion: 126.0.6478.127, chrome: {chromedriverVersion: 126.0.6478.126 (d36ace6122e..., userDataDir: C:\Users\90545\AppData\Loca...}, fedcm:accounts: true, goog:chromeOptions: {debuggerAddress: localhost:62084}, javascriptEnabled: true, networkConnectionEnabled: false, pageLoadStrategy: normal, platform: WINDOWS, platformName: WINDOWS, proxy: Proxy(), setWindowRect: true, strictFileInteractability: false, timeouts: {implicit: 0, pageLoad: 300000, script: 30000}, unhandledPromptBehavior: dismiss and notify, webauthn:extension:credBlob: true, webauthn:extension:largeBlob: true, webauthn:extension:minPinLength: true, webauthn:extension:prf: true, webauthn:virtualAuthenticators: true}
Session ID: 201ea45aded87f5774476fe5d67886b5
*** Element info: {Using=xpath, value=//li/a/span[contains(text() , 'Client Management')]}
	at Test_country.search(Test_country.java:41)
</error>
    <system-out><![CDATA[This field is required
2024-07-08 15:58:40,849 ERROR [Log] search()Failed with cause: Expected condition failed: waiting for visibility of element located by By.xpath: //li/a/span[contains(text() , 'Client Management')] (tried for 20 second(s) with 500 milliseconds interval) 
]]></system-out>
  </testcase>
  <testcase name="export" classname="Test_Currency" time="1.261"/>
  <testcase name="export" classname="Test_District" time="0.397">
    <error message="Expected condition failed: waiting for visibility of element located by By.cssSelector: #layout-wrapper &gt; div.main-content &gt; div.page-content &gt; div &gt; div &gt; div &gt; div &gt; div &gt; div.d-flex.align-items-center &gt; div.d-flex.flex-wrap.gap-3.align-items-center &gt; div &gt; div:nth-child(2) &gt; button (tried for 20 second(s) with 500 milliseconds interval)" type="org.openqa.selenium.TimeoutException">org.openqa.selenium.TimeoutException: Expected condition failed: waiting for visibility of element located by By.cssSelector: #layout-wrapper > div.main-content > div.page-content > div > div > div > div > div > div.d-flex.align-items-center > div.d-flex.flex-wrap.gap-3.align-items-center > div > div:nth-child(2) > button (tried for 20 second(s) with 500 milliseconds interval)
	at Test_District.export(Test_District.java:23)
Caused by: org.openqa.selenium.NoSuchElementException: 
no such element: Unable to locate element: {"method":"css selector","selector":"#layout-wrapper > div.main-content > div.page-content > div > div > div > div > div > div.d-flex.align-items-center > div.d-flex.flex-wrap.gap-3.align-items-center > div > div:nth-child(2) > button"}
  (Session info: chrome=126.0.6478.127)
For documentation on this error, please visit: https://www.seleniumhq.org/exceptions/no_such_element.html
Build info: version: '3.141.59', revision: 'e82be7d358', time: '2018-11-14T08:17:03'
System info: host: 'DESKTOP-88054L4', ip: '192.168.1.23', os.name: 'Windows 11', os.arch: 'amd64', os.version: '10.0', java.version: '17.0.10'
Driver info: org.openqa.selenium.chrome.ChromeDriver
Capabilities {acceptInsecureCerts: false, browserName: chrome, browserVersion: 126.0.6478.127, chrome: {chromedriverVersion: 126.0.6478.126 (d36ace6122e..., userDataDir: C:\Users\90545\AppData\Loca...}, fedcm:accounts: true, goog:chromeOptions: {debuggerAddress: localhost:62096}, javascriptEnabled: true, networkConnectionEnabled: false, pageLoadStrategy: normal, platform: WINDOWS, platformName: WINDOWS, proxy: Proxy(), setWindowRect: true, strictFileInteractability: false, timeouts: {implicit: 0, pageLoad: 300000, script: 30000}, unhandledPromptBehavior: dismiss and notify, webauthn:extension:credBlob: true, webauthn:extension:largeBlob: true, webauthn:extension:minPinLength: true, webauthn:extension:prf: true, webauthn:virtualAuthenticators: true}
Session ID: acdfaf6ad3b6cef18315562e77841239
*** Element info: {Using=css selector, value=#layout-wrapper > div.main-content > div.page-content > div > div > div > div > div > div.d-flex.align-items-center > div.d-flex.flex-wrap.gap-3.align-items-center > div > div:nth-child(2) > button}
	at Test_District.export(Test_District.java:23)
</error>
    <system-out><![CDATA[Region: 32 maximum character limit exceeded
Description Space: This Field must be without spaces
2024-07-08 15:58:55,872 ERROR [Log] export()Failed with cause: Expected condition failed: waiting for visibility of element located by By.cssSelector: #layout-wrapper > div.main-content > div.page-content > div > div > div > div > div > div.d-flex.align-items-center > div.d-flex.flex-wrap.gap-3.align-items-center > div > div:nth-child(2) > button (tried for 20 second(s) with 500 milliseconds interval) 
]]></system-out>
  </testcase>
  <testcase name="export" classname="Test_Client" time="0.006">
    <error message="element click intercepted: Element &lt;button type=&quot;button&quot; aria-haspopup=&quot;true&quot; aria-expanded=&quot;false&quot; class=&quot;btn btn-outline dropdown-toggle btn btn-link&quot; style=&quot;color: rgb(0, 0, 0);&quot;&gt;...&lt;/button&gt; is not clickable at point (1256, 135). Other element would receive the click: &lt;div class=&quot;modal fade show&quot; role=&quot;dialog&quot; tabindex=&quot;-1&quot; style=&quot;display: block;&quot;&gt;...&lt;/div&gt;&#10;  (Session info: chrome=126.0.6478.127)&#10;Build info: version: &apos;3.141.59&apos;, revision: &apos;e82be7d358&apos;, time: &apos;2018-11-14T08:17:03&apos;&#10;System info: host: &apos;DESKTOP-88054L4&apos;, ip: &apos;192.168.1.23&apos;, os.name: &apos;Windows 11&apos;, os.arch: &apos;amd64&apos;, os.version: &apos;10.0&apos;, java.version: &apos;17.0.10&apos;&#10;Driver info: org.openqa.selenium.chrome.ChromeDriver&#10;Capabilities {acceptInsecureCerts: false, browserName: chrome, browserVersion: 126.0.6478.127, chrome: {chromedriverVersion: 126.0.6478.126 (d36ace6122e..., userDataDir: C:\Users\90545\AppData\Loca...}, fedcm:accounts: true, goog:chromeOptions: {debuggerAddress: localhost:62086}, javascriptEnabled: true, networkConnectionEnabled: false, pageLoadStrategy: normal, platform: WINDOWS, platformName: WINDOWS, proxy: Proxy(), setWindowRect: true, strictFileInteractability: false, timeouts: {implicit: 0, pageLoad: 300000, script: 30000}, unhandledPromptBehavior: dismiss and notify, webauthn:extension:credBlob: true, webauthn:extension:largeBlob: true, webauthn:extension:minPinLength: true, webauthn:extension:prf: true, webauthn:virtualAuthenticators: true}&#10;Session ID: 94129e78318f8f004fd827a82fd184e5" type="org.openqa.selenium.ElementClickInterceptedException"><![CDATA[org.openqa.selenium.ElementClickInterceptedException: 
element click intercepted: Element <button type="button" aria-haspopup="true" aria-expanded="false" class="btn btn-outline dropdown-toggle btn btn-link" style="color: rgb(0, 0, 0);">...</button> is not clickable at point (1256, 135). Other element would receive the click: <div class="modal fade show" role="dialog" tabindex="-1" style="display: block;">...</div>
  (Session info: chrome=126.0.6478.127)
Build info: version: '3.141.59', revision: 'e82be7d358', time: '2018-11-14T08:17:03'
System info: host: 'DESKTOP-88054L4', ip: '192.168.1.23', os.name: 'Windows 11', os.arch: 'amd64', os.version: '10.0', java.version: '17.0.10'
Driver info: org.openqa.selenium.chrome.ChromeDriver
Capabilities {acceptInsecureCerts: false, browserName: chrome, browserVersion: 126.0.6478.127, chrome: {chromedriverVersion: 126.0.6478.126 (d36ace6122e..., userDataDir: C:\Users\90545\AppData\Loca...}, fedcm:accounts: true, goog:chromeOptions: {debuggerAddress: localhost:62086}, javascriptEnabled: true, networkConnectionEnabled: false, pageLoadStrategy: normal, platform: WINDOWS, platformName: WINDOWS, proxy: Proxy(), setWindowRect: true, strictFileInteractability: false, timeouts: {implicit: 0, pageLoad: 300000, script: 30000}, unhandledPromptBehavior: dismiss and notify, webauthn:extension:credBlob: true, webauthn:extension:largeBlob: true, webauthn:extension:minPinLength: true, webauthn:extension:prf: true, webauthn:virtualAuthenticators: true}
Session ID: 94129e78318f8f004fd827a82fd184e5
	at Test_Client.export(Test_Client.java:479)
]]></error>
    <system-out><![CDATA[2024-07-08 15:58:55,879 ERROR [Log] export()Failed with cause: element click intercepted: Element <button type="button" aria-haspopup="true" aria-expanded="false" class="btn btn-outline dropdown-toggle btn btn-link" style="color: rgb(0, 0, 0);">...</button> is not clickable at point (1256, 135). Other element would receive the click: <div class="modal fade show" role="dialog" tabindex="-1" style="display: block;">...</div>
  (Session info: chrome=126.0.6478.127)
Build info: version: '3.141.59', revision: 'e82be7d358', time: '2018-11-14T08:17:03'
System info: host: 'DESKTOP-88054L4', ip: '192.168.1.23', os.name: 'Windows 11', os.arch: 'amd64', os.version: '10.0', java.version: '17.0.10'
Driver info: org.openqa.selenium.chrome.ChromeDriver
Capabilities {acceptInsecureCerts: false, browserName: chrome, browserVersion: 126.0.6478.127, chrome: {chromedriverVersion: 126.0.6478.126 (d36ace6122e..., userDataDir: C:\Users\90545\AppData\Loca...}, fedcm:accounts: true, goog:chromeOptions: {debuggerAddress: localhost:62086}, javascriptEnabled: true, networkConnectionEnabled: false, pageLoadStrategy: normal, platform: WINDOWS, platformName: WINDOWS, proxy: Proxy(), setWindowRect: true, strictFileInteractability: false, timeouts: {implicit: 0, pageLoad: 300000, script: 30000}, unhandledPromptBehavior: dismiss and notify, webauthn:extension:credBlob: true, webauthn:extension:largeBlob: true, webauthn:extension:minPinLength: true, webauthn:extension:prf: true, webauthn:virtualAuthenticators: true}
Session ID: 94129e78318f8f004fd827a82fd184e5 
]]></system-out>
  </testcase>
  <testcase name="Test_RetailStore" classname="Test_RetailStore" time="11.498"/>
  <testcase name="Test_Client" classname="Test_Client" time="1.281"/>
  <testcase name="Test" classname="Test_City" time="1.528">
    <error message="no such element: Unable to locate element: {&quot;method&quot;:&quot;css selector&quot;,&quot;selector&quot;:&quot;#layout-wrapper &gt; div.main-content &gt; div &gt; div &gt; div:nth-child(1) &gt; div &gt; div &gt; div &gt; nav &gt; ol &gt; b&quot;}&#10;  (Session info: chrome=126.0.6478.127)&#10;For documentation on this error, please visit: https://www.seleniumhq.org/exceptions/no_such_element.html&#10;Build info: version: &apos;3.141.59&apos;, revision: &apos;e82be7d358&apos;, time: &apos;2018-11-14T08:17:03&apos;&#10;System info: host: &apos;DESKTOP-88054L4&apos;, ip: &apos;192.168.1.23&apos;, os.name: &apos;Windows 11&apos;, os.arch: &apos;amd64&apos;, os.version: &apos;10.0&apos;, java.version: &apos;17.0.10&apos;&#10;Driver info: org.openqa.selenium.chrome.ChromeDriver&#10;Capabilities {acceptInsecureCerts: false, browserName: chrome, browserVersion: 126.0.6478.127, chrome: {chromedriverVersion: 126.0.6478.126 (d36ace6122e..., userDataDir: C:\Users\90545\AppData\Loca...}, fedcm:accounts: true, goog:chromeOptions: {debuggerAddress: localhost:62082}, javascriptEnabled: true, networkConnectionEnabled: false, pageLoadStrategy: normal, platform: WINDOWS, platformName: WINDOWS, proxy: Proxy(), setWindowRect: true, strictFileInteractability: false, timeouts: {implicit: 0, pageLoad: 300000, script: 30000}, unhandledPromptBehavior: dismiss and notify, webauthn:extension:credBlob: true, webauthn:extension:largeBlob: true, webauthn:extension:minPinLength: true, webauthn:extension:prf: true, webauthn:virtualAuthenticators: true}&#10;Session ID: 922e6025d916b6fd8a99654250c56263&#10;*** Element info: {Using=css selector, value=#layout-wrapper &gt; div.main-content &gt; div &gt; div &gt; div:nth-child(1) &gt; div &gt; div &gt; div &gt; nav &gt; ol &gt; b}" type="org.openqa.selenium.NoSuchElementException">org.openqa.selenium.NoSuchElementException: 
no such element: Unable to locate element: {"method":"css selector","selector":"#layout-wrapper > div.main-content > div > div > div:nth-child(1) > div > div > div > nav > ol > b"}
  (Session info: chrome=126.0.6478.127)
For documentation on this error, please visit: https://www.seleniumhq.org/exceptions/no_such_element.html
Build info: version: '3.141.59', revision: 'e82be7d358', time: '2018-11-14T08:17:03'
System info: host: 'DESKTOP-88054L4', ip: '192.168.1.23', os.name: 'Windows 11', os.arch: 'amd64', os.version: '10.0', java.version: '17.0.10'
Driver info: org.openqa.selenium.chrome.ChromeDriver
Capabilities {acceptInsecureCerts: false, browserName: chrome, browserVersion: 126.0.6478.127, chrome: {chromedriverVersion: 126.0.6478.126 (d36ace6122e..., userDataDir: C:\Users\90545\AppData\Loca...}, fedcm:accounts: true, goog:chromeOptions: {debuggerAddress: localhost:62082}, javascriptEnabled: true, networkConnectionEnabled: false, pageLoadStrategy: normal, platform: WINDOWS, platformName: WINDOWS, proxy: Proxy(), setWindowRect: true, strictFileInteractability: false, timeouts: {implicit: 0, pageLoad: 300000, script: 30000}, unhandledPromptBehavior: dismiss and notify, webauthn:extension:credBlob: true, webauthn:extension:largeBlob: true, webauthn:extension:minPinLength: true, webauthn:extension:prf: true, webauthn:virtualAuthenticators: true}
Session ID: 922e6025d916b6fd8a99654250c56263
*** Element info: {Using=css selector, value=#layout-wrapper > div.main-content > div > div > div:nth-child(1) > div > div > div > nav > ol > b}
	at Test_City.Test(Test_City.java:26)
</error>
    <system-out><![CDATA[Hata Mesajı: This field is required
2024-07-08 15:58:25,131 ERROR [Log] Test()Failed with cause: no such element: Unable to locate element: {"method":"css selector","selector":"#layout-wrapper > div.main-content > div > div > div:nth-child(1) > div > div > div > nav > ol > b"}
  (Session info: chrome=126.0.6478.127)
For documentation on this error, please visit: https://www.seleniumhq.org/exceptions/no_such_element.html
Build info: version: '3.141.59', revision: 'e82be7d358', time: '2018-11-14T08:17:03'
System info: host: 'DESKTOP-88054L4', ip: '192.168.1.23', os.name: 'Windows 11', os.arch: 'amd64', os.version: '10.0', java.version: '17.0.10'
Driver info: org.openqa.selenium.chrome.ChromeDriver
Capabilities {acceptInsecureCerts: false, browserName: chrome, browserVersion: 126.0.6478.127, chrome: {chromedriverVersion: 126.0.6478.126 (d36ace6122e..., userDataDir: C:\Users\90545\AppData\Loca...}, fedcm:accounts: true, goog:chromeOptions: {debuggerAddress: localhost:62082}, javascriptEnabled: true, networkConnectionEnabled: false, pageLoadStrategy: normal, platform: WINDOWS, platformName: WINDOWS, proxy: Proxy(), setWindowRect: true, strictFileInteractability: false, timeouts: {implicit: 0, pageLoad: 300000, script: 30000}, unhandledPromptBehavior: dismiss and notify, webauthn:extension:credBlob: true, webauthn:extension:largeBlob: true, webauthn:extension:minPinLength: true, webauthn:extension:prf: true, webauthn:virtualAuthenticators: true}
Session ID: 922e6025d916b6fd8a99654250c56263
*** Element info: {Using=css selector, value=#layout-wrapper > div.main-content > div > div > div:nth-child(1) > div > div > div > nav > ol > b} 
]]></system-out>
  </testcase>
  <testcase name="searchDistrict" classname="Test_District" time="0.709">
    <error message="Expected condition failed: waiting for visibility of element located by By.cssSelector: #search (tried for 20 second(s) with 500 milliseconds interval)" type="org.openqa.selenium.TimeoutException">org.openqa.selenium.TimeoutException: Expected condition failed: waiting for visibility of element located by By.cssSelector: #search (tried for 20 second(s) with 500 milliseconds interval)
	at Test_District.searchDistrict(Test_District.java:16)
Caused by: org.openqa.selenium.NoSuchElementException: 
no such element: Unable to locate element: {"method":"css selector","selector":"#search"}
  (Session info: chrome=126.0.6478.127)
For documentation on this error, please visit: https://www.seleniumhq.org/exceptions/no_such_element.html
Build info: version: '3.141.59', revision: 'e82be7d358', time: '2018-11-14T08:17:03'
System info: host: 'DESKTOP-88054L4', ip: '192.168.1.23', os.name: 'Windows 11', os.arch: 'amd64', os.version: '10.0', java.version: '17.0.10'
Driver info: org.openqa.selenium.chrome.ChromeDriver
Capabilities {acceptInsecureCerts: false, browserName: chrome, browserVersion: 126.0.6478.127, chrome: {chromedriverVersion: 126.0.6478.126 (d36ace6122e..., userDataDir: C:\Users\90545\AppData\Loca...}, fedcm:accounts: true, goog:chromeOptions: {debuggerAddress: localhost:62096}, javascriptEnabled: true, networkConnectionEnabled: false, pageLoadStrategy: normal, platform: WINDOWS, platformName: WINDOWS, proxy: Proxy(), setWindowRect: true, strictFileInteractability: false, timeouts: {implicit: 0, pageLoad: 300000, script: 30000}, unhandledPromptBehavior: dismiss and notify, webauthn:extension:credBlob: true, webauthn:extension:largeBlob: true, webauthn:extension:minPinLength: true, webauthn:extension:prf: true, webauthn:virtualAuthenticators: true}
Session ID: acdfaf6ad3b6cef18315562e77841239
*** Element info: {Using=css selector, value=#search}
	at Test_District.searchDistrict(Test_District.java:16)
</error>
    <system-out><![CDATA[Hata Mesajı: This field is required
2024-07-08 15:58:25,856 ERROR [Log] searchDistrict()Failed with cause: Expected condition failed: waiting for visibility of element located by By.cssSelector: #search (tried for 20 second(s) with 500 milliseconds interval) 
]]></system-out>
  </testcase>
  <testcase name="Test_Branch" classname="Test_Branch" time="0.37">
    <error message="no such element: Unable to locate element: {&quot;method&quot;:&quot;css selector&quot;,&quot;selector&quot;:&quot;#layout-wrapper &gt; div.main-content &gt; div &gt; div &gt; div:nth-child(1) &gt; div &gt; div &gt; div &gt; nav &gt; ol &gt; b&quot;}&#10;  (Session info: chrome=126.0.6478.127)&#10;For documentation on this error, please visit: https://www.seleniumhq.org/exceptions/no_such_element.html&#10;Build info: version: &apos;3.141.59&apos;, revision: &apos;e82be7d358&apos;, time: &apos;2018-11-14T08:17:03&apos;&#10;System info: host: &apos;DESKTOP-88054L4&apos;, ip: &apos;192.168.1.23&apos;, os.name: &apos;Windows 11&apos;, os.arch: &apos;amd64&apos;, os.version: &apos;10.0&apos;, java.version: &apos;17.0.10&apos;&#10;Driver info: org.openqa.selenium.chrome.ChromeDriver&#10;Capabilities {acceptInsecureCerts: false, browserName: chrome, browserVersion: 126.0.6478.127, chrome: {chromedriverVersion: 126.0.6478.126 (d36ace6122e..., userDataDir: C:\Users\90545\AppData\Loca...}, fedcm:accounts: true, goog:chromeOptions: {debuggerAddress: localhost:62083}, javascriptEnabled: true, networkConnectionEnabled: false, pageLoadStrategy: normal, platform: WINDOWS, platformName: WINDOWS, proxy: Proxy(), setWindowRect: true, strictFileInteractability: false, timeouts: {implicit: 0, pageLoad: 300000, script: 30000}, unhandledPromptBehavior: dismiss and notify, webauthn:extension:credBlob: true, webauthn:extension:largeBlob: true, webauthn:extension:minPinLength: true, webauthn:extension:prf: true, webauthn:virtualAuthenticators: true}&#10;Session ID: 351ffcfe078cb409eae0845e0d986b91&#10;*** Element info: {Using=css selector, value=#layout-wrapper &gt; div.main-content &gt; div &gt; div &gt; div:nth-child(1) &gt; div &gt; div &gt; div &gt; nav &gt; ol &gt; b}" type="org.openqa.selenium.NoSuchElementException">org.openqa.selenium.NoSuchElementException: 
no such element: Unable to locate element: {"method":"css selector","selector":"#layout-wrapper > div.main-content > div > div > div:nth-child(1) > div > div > div > nav > ol > b"}
  (Session info: chrome=126.0.6478.127)
For documentation on this error, please visit: https://www.seleniumhq.org/exceptions/no_such_element.html
Build info: version: '3.141.59', revision: 'e82be7d358', time: '2018-11-14T08:17:03'
System info: host: 'DESKTOP-88054L4', ip: '192.168.1.23', os.name: 'Windows 11', os.arch: 'amd64', os.version: '10.0', java.version: '17.0.10'
Driver info: org.openqa.selenium.chrome.ChromeDriver
Capabilities {acceptInsecureCerts: false, browserName: chrome, browserVersion: 126.0.6478.127, chrome: {chromedriverVersion: 126.0.6478.126 (d36ace6122e..., userDataDir: C:\Users\90545\AppData\Loca...}, fedcm:accounts: true, goog:chromeOptions: {debuggerAddress: localhost:62083}, javascriptEnabled: true, networkConnectionEnabled: false, pageLoadStrategy: normal, platform: WINDOWS, platformName: WINDOWS, proxy: Proxy(), setWindowRect: true, strictFileInteractability: false, timeouts: {implicit: 0, pageLoad: 300000, script: 30000}, unhandledPromptBehavior: dismiss and notify, webauthn:extension:credBlob: true, webauthn:extension:largeBlob: true, webauthn:extension:minPinLength: true, webauthn:extension:prf: true, webauthn:virtualAuthenticators: true}
Session ID: 351ffcfe078cb409eae0845e0d986b91
*** Element info: {Using=css selector, value=#layout-wrapper > div.main-content > div > div > div:nth-child(1) > div > div > div > nav > ol > b}
	at Test_Branch.Test_Branch(Test_Branch.java:32)
</error>
    <system-out><![CDATA[2024-07-08 15:58:26,225 ERROR [Log] Test_Branch()Failed with cause: no such element: Unable to locate element: {"method":"css selector","selector":"#layout-wrapper > div.main-content > div > div > div:nth-child(1) > div > div > div > nav > ol > b"}
  (Session info: chrome=126.0.6478.127)
For documentation on this error, please visit: https://www.seleniumhq.org/exceptions/no_such_element.html
Build info: version: '3.141.59', revision: 'e82be7d358', time: '2018-11-14T08:17:03'
System info: host: 'DESKTOP-88054L4', ip: '192.168.1.23', os.name: 'Windows 11', os.arch: 'amd64', os.version: '10.0', java.version: '17.0.10'
Driver info: org.openqa.selenium.chrome.ChromeDriver
Capabilities {acceptInsecureCerts: false, browserName: chrome, browserVersion: 126.0.6478.127, chrome: {chromedriverVersion: 126.0.6478.126 (d36ace6122e..., userDataDir: C:\Users\90545\AppData\Loca...}, fedcm:accounts: true, goog:chromeOptions: {debuggerAddress: localhost:62083}, javascriptEnabled: true, networkConnectionEnabled: false, pageLoadStrategy: normal, platform: WINDOWS, platformName: WINDOWS, proxy: Proxy(), setWindowRect: true, strictFileInteractability: false, timeouts: {implicit: 0, pageLoad: 300000, script: 30000}, unhandledPromptBehavior: dismiss and notify, webauthn:extension:credBlob: true, webauthn:extension:largeBlob: true, webauthn:extension:minPinLength: true, webauthn:extension:prf: true, webauthn:virtualAuthenticators: true}
Session ID: 351ffcfe078cb409eae0845e0d986b91
*** Element info: {Using=css selector, value=#layout-wrapper > div.main-content > div > div > div:nth-child(1) > div > div > div > nav > ol > b} 
]]></system-out>
  </testcase>
  <testcase name="AddNew" classname="Test_Currency" time="7.332"/>
  <testcase name="searchCity" classname="Test_City" time="2.77"/>
  <testcase name="edit_isCorrect" classname="Test_Currency" time="0.715"/>
  <testcase name="click_export" classname="Test_country" time="0.005">
    <error message="Cannot invoke &quot;CountryPage.clickCountryExport()&quot; because &quot;this.countryPage&quot; is null" type="java.lang.NullPointerException">java.lang.NullPointerException: Cannot invoke "CountryPage.clickCountryExport()" because "this.countryPage" is null
	at Test_country.click_export(Test_country.java:49)
</error>
    <system-out><![CDATA[2024-07-08 15:58:40,855 ERROR [Log] click_export()Failed with cause: Cannot invoke "CountryPage.clickCountryExport()" because "this.countryPage" is null 
]]></system-out>
  </testcase>
  <testcase name="click_addnew" classname="Test_country" time="0.002">
    <error message="Cannot invoke &quot;CountryPage.clickCountryAddNew()&quot; because &quot;this.countryPage&quot; is null" type="java.lang.NullPointerException">java.lang.NullPointerException: Cannot invoke "CountryPage.clickCountryAddNew()" because "this.countryPage" is null
	at Test_country.click_addnew(Test_country.java:58)
</error>
    <system-out><![CDATA[2024-07-08 15:58:40,858 ERROR [Log] click_addnew()Failed with cause: Cannot invoke "CountryPage.clickCountryAddNew()" because "this.countryPage" is null 
]]></system-out>
  </testcase>
  <testcase name="click_details" classname="Test_country" time="0.001">
    <error message="Cannot invoke &quot;CountryPage.clickCountryEdit()&quot; because &quot;this.countryPage&quot; is null" type="java.lang.NullPointerException">java.lang.NullPointerException: Cannot invoke "CountryPage.clickCountryEdit()" because "this.countryPage" is null
	at Test_country.click_details(Test_country.java:74)
</error>
    <system-out><![CDATA[2024-07-08 15:58:40,860 ERROR [Log] click_details()Failed with cause: Cannot invoke "CountryPage.clickCountryEdit()" because "this.countryPage" is null 
]]></system-out>
  </testcase>
  <testcase name="edit_delete" classname="Test_country" time="0.002">
    <error message="Cannot invoke &quot;CountryPage.clickCountryEdit()&quot; because &quot;this.countryPage&quot; is null" type="java.lang.NullPointerException">java.lang.NullPointerException: Cannot invoke "CountryPage.clickCountryEdit()" because "this.countryPage" is null
	at Test_country.edit_delete(Test_country.java:84)
</error>
    <system-out><![CDATA[2024-07-08 15:58:40,862 ERROR [Log] edit_delete()Failed with cause: Cannot invoke "CountryPage.clickCountryEdit()" because "this.countryPage" is null 
]]></system-out>
  </testcase>
  <testcase name="click_edit" classname="Test_country" time="0.002">
    <error message="Cannot invoke &quot;CountryPage.clickCountryEdit()&quot; because &quot;this.countryPage&quot; is null" type="java.lang.NullPointerException">java.lang.NullPointerException: Cannot invoke "CountryPage.clickCountryEdit()" because "this.countryPage" is null
	at Test_country.click_edit(Test_country.java:99)
</error>
    <system-out><![CDATA[2024-07-08 15:58:40,864 ERROR [Log] click_edit()Failed with cause: Cannot invoke "CountryPage.clickCountryEdit()" because "this.countryPage" is null 
]]></system-out>
  </testcase>
  <testcase name="addNew_requiredField" classname="Test_RetailStore" time="2.206"/>
  <testcase name="addNew_requiredField" classname="Test_Client" time="10.007">
    <error message="stale element reference: stale element not found in the current frame&#10;  (Session info: chrome=126.0.6478.127)&#10;For documentation on this error, please visit: https://www.seleniumhq.org/exceptions/stale_element_reference.html&#10;Build info: version: &apos;3.141.59&apos;, revision: &apos;e82be7d358&apos;, time: &apos;2018-11-14T08:17:03&apos;&#10;System info: host: &apos;DESKTOP-88054L4&apos;, ip: &apos;192.168.1.23&apos;, os.name: &apos;Windows 11&apos;, os.arch: &apos;amd64&apos;, os.version: &apos;10.0&apos;, java.version: &apos;17.0.10&apos;&#10;Driver info: org.openqa.selenium.chrome.ChromeDriver&#10;Capabilities {acceptInsecureCerts: false, browserName: chrome, browserVersion: 126.0.6478.127, chrome: {chromedriverVersion: 126.0.6478.126 (d36ace6122e..., userDataDir: C:\Users\90545\AppData\Loca...}, fedcm:accounts: true, goog:chromeOptions: {debuggerAddress: localhost:62086}, javascriptEnabled: true, networkConnectionEnabled: false, pageLoadStrategy: normal, platform: WINDOWS, platformName: WINDOWS, proxy: Proxy(), setWindowRect: true, strictFileInteractability: false, timeouts: {implicit: 0, pageLoad: 300000, script: 30000}, unhandledPromptBehavior: dismiss and notify, webauthn:extension:credBlob: true, webauthn:extension:largeBlob: true, webauthn:extension:minPinLength: true, webauthn:extension:prf: true, webauthn:virtualAuthenticators: true}&#10;Session ID: 94129e78318f8f004fd827a82fd184e5" type="org.openqa.selenium.StaleElementReferenceException">org.openqa.selenium.StaleElementReferenceException: 
stale element reference: stale element not found in the current frame
  (Session info: chrome=126.0.6478.127)
For documentation on this error, please visit: https://www.seleniumhq.org/exceptions/stale_element_reference.html
Build info: version: '3.141.59', revision: 'e82be7d358', time: '2018-11-14T08:17:03'
System info: host: 'DESKTOP-88054L4', ip: '192.168.1.23', os.name: 'Windows 11', os.arch: 'amd64', os.version: '10.0', java.version: '17.0.10'
Driver info: org.openqa.selenium.chrome.ChromeDriver
Capabilities {acceptInsecureCerts: false, browserName: chrome, browserVersion: 126.0.6478.127, chrome: {chromedriverVersion: 126.0.6478.126 (d36ace6122e..., userDataDir: C:\Users\90545\AppData\Loca...}, fedcm:accounts: true, goog:chromeOptions: {debuggerAddress: localhost:62086}, javascriptEnabled: true, networkConnectionEnabled: false, pageLoadStrategy: normal, platform: WINDOWS, platformName: WINDOWS, proxy: Proxy(), setWindowRect: true, strictFileInteractability: false, timeouts: {implicit: 0, pageLoad: 300000, script: 30000}, unhandledPromptBehavior: dismiss and notify, webauthn:extension:credBlob: true, webauthn:extension:largeBlob: true, webauthn:extension:minPinLength: true, webauthn:extension:prf: true, webauthn:virtualAuthenticators: true}
Session ID: 94129e78318f8f004fd827a82fd184e5
	at Test_Client.addNew_requiredField(Test_Client.java:141)
</error>
    <system-out><![CDATA[Phone Number Letter: Phone Number is invalid
Currency verileri:AFN - Afghanin
Currency verileri:DZD - Algerian Dinarfv
Currency verileri:ARS - Argentine Peso
Currency verileri:AMD - Armenian Dram
Currency verileri:AWG - Aruban Florin
Currency verileri:AUD - Australian Dollar
Currency verileri:BSD - Bahamian Dollar
Currency verileri:BHD - Bahraini Dinar
Currency verileri:THB - Baht
Currency verileri:PAB - Balboa
Currency verileri:BBD - Barbados Dollar
Currency verileri:BYN - Belarussian Ruble
Currency verileri:BZD - Belize Dollar
Currency verileri:SBD - Belize Dollar
Currency verileri:BMD - Bermudian Dollar
Currency verileri:VEF - Bolivar
Currency verileri:ESA - Bolivar Fuerte
Currency verileri:BOB - Boliviano
Currency verileri:BRL - Brazilian Real
Currency verileri:BND - Brunei Dollar
Currency verileri:BGN - Bulgarian Lev
Currency verileri:BIF - Burundi Franc
Currency verileri:CVE - Cabo Verde Escudo
Currency verileri:CAD - Canadian Dollar
Currency verileri:KYD - Cayman Islands Dollar
Currency verileri:XOF - CFA Franc Bceao
Currency verileri:XAF - CFA Franc Beac
Currency verileri:XPF - CFP Franc
Currency verileri:CNX - Chinese Renminbi
Currency verileri:COP - Colombian Peso
Currency verileri:KMF - Comoro Franc
Currency verileri:CDF - Congolese Franc
Currency verileri:BAM - Convertible Mark
Currency verileri:NIO - Cordoba Oro
Currency verileri:CRC - Costa Rican Colon
Currency verileri:CUP - Cuban Peso
Currency verileri:CZK - Czech Koruna
Currency verileri:GMD - Dalasi
Currency verileri:DKK - Danish Krone
Currency verileri:MKD - Denar
Currency verileri:DJF - Djibouti Franc
Currency verileri:STD - Dobra
Currency verileri:USD - Dollar
Currency verileri:DOP - Dominican Peso
Currency verileri:VND - Dong
Currency verileri:XCD - East Caribbean Dollar
Phone Number Space: Phone Number is invalid
Currency verileri:EGP - Egyptian Pound
Currency verileri:SVC - El Salvador Colon
Currency verileri:ETB - Ethiopian Birr
Currency verileri:EUR - Euro
Currency verileri:FKP - Falkland Islands Pound
Currency verileri:FJD - Fiji Dollar
Currency verileri:HUF - Forint
Currency verileri:GHS - Ghana Cedi
Currency verileri:GIP - Gibraltar Pound
Currency verileri:HTG - Gourde
Currency verileri:PYG - Guarani
Currency verileri:GYD - Guyana Dollar
Currency verileri:HKD - Hong Kong Dollar
Currency verileri:UAH - Hryvnia
Currency verileri:ISK - Iceland Krona
Currency verileri:INR - Indian Rupee
Currency verileri:IDR - Indonesian Rupiah
Currency verileri:IQD - Iraqi Dinar
Currency verileri:JMD - Jamaican Dollar
Currency verileri:JPY - Japanese Yen
Currency verileri:JOD - Jordanian Dinar
Currency verileri:KES - Kenyan Shilling
Currency verileri:PGK - Kina
Currency verileri:LAK - Kip
Currency verileri:KWD - Kuwaiti Dinar
Currency verileri:MWK - Kwacha
Currency verileri:AOA - Kwanza
Phone Number Must 3: Phone Number is invalid
Currency verileri:MMK - Kyat
Currency verileri:GEL - Lari
Currency verileri:LBP - Lebanese Pound
Currency verileri:ALL - Lek
Currency verileri:HNL - Lempira
Currency verileri:MDL - Leu
Currency verileri:LRD - Liberian Dollar
Currency verileri:LYD - Libyan Dinar
Currency verileri:SZL - Lilangeni
Currency verileri:LTL - Lithuania
Currency verileri:LSL - Loti
Currency verileri:MGA - Malagasy Ariary
Currency verileri:MYR - Malaysian Ringits
Currency verileri:MUR - Mauritius Rupee
Currency verileri:MXN - Mexican Peso
Currency verileri:MAD - Moroccan Dirham
Currency verileri:MZN - Mozambique Metical
Currency verileri:NGN - Naira
Currency verileri:NAD - Namibia Dollar
Currency verileri:NPR - Nepalese Rupee
Currency verileri:ANG - Netherlands Antillean Guilder
Currency verileri:ILS - New Israeli Sheqel
Currency verileri:TWD - New Taiwan Dollar
Currency verileri:NZD - New Zealand Dollar
Currency verileri:BTN - Ngultrum
Currency verileri:NOK - Norwegian Krone
Currency verileri:PEN - Nuevo Sol
Currency verileri:MRO - Ouguiya
Currency verileri:TOP - Pa’anga
Currency verileri:PKR - Pakistan Rupee
Currency verileri:MOP - Pataca
Currency verileri:UYU - Peso Uruguayo
Currency verileri:PHP - Philippine Peso
Currency verileri:PLN - Polish Zloty
Currency verileri:GBP - Pound Sterling
Currency verileri:BWP - Pula
Currency verileri:QAR - Qatari Rial
Currency verileri:GTQ - Quetzal
Currency verileri:ZAR - Rand
Currency verileri:CNH - Renminbi
Currency verileri:BYR - Reval Belarus Ruble
Currency verileri:OMR - Rial
Currency verileri:KHR - Riel
Currency verileri:RON - Romanian Leu
Currency verileri:MVR - Rufiyaa
Currency verileri:RUB - Russian Ruble
Currency verileri:RWF - Rwanda Franc
Currency verileri:SHP - Saint Helena Pound
Currency verileri:SAR - Saudi Riyal
Currency verileri:RSD - Serbian Dinar
Currency verileri:SCR - Seychelles Rupee
Currency verileri:SLE - Sierra Leonean Leone
Currency verileri:SLN - silinecek
Currency verileri:SGD - Singapore Dollar
Currency verileri:KGS - Som
Currency verileri:SOS - Somali Shilling
Currency verileri:TJS - Somoni
Currency verileri:SSP - South Sudanese Pound
Currency verileri:CLP - Sri Lanka Rupee
Currency verileri:LKR - Sri Lanka Rupee
Currency verileri:SRD - Surinam Dollar
Currency verileri:SEK - Swedish Krona
Currency verileri:CHF - Swiss Franc
Currency verileri:BDT - Taka
Currency verileri:WST - Tala
2024-07-08 15:58:51,304 ERROR [Log] addNew_requiredField()Failed with cause: stale element reference: stale element not found in the current frame
  (Session info: chrome=126.0.6478.127)
For documentation on this error, please visit: https://www.seleniumhq.org/exceptions/stale_element_reference.html
Build info: version: '3.141.59', revision: 'e82be7d358', time: '2018-11-14T08:17:03'
System info: host: 'DESKTOP-88054L4', ip: '192.168.1.23', os.name: 'Windows 11', os.arch: 'amd64', os.version: '10.0', java.version: '17.0.10'
Driver info: org.openqa.selenium.chrome.ChromeDriver
Capabilities {acceptInsecureCerts: false, browserName: chrome, browserVersion: 126.0.6478.127, chrome: {chromedriverVersion: 126.0.6478.126 (d36ace6122e..., userDataDir: C:\Users\90545\AppData\Loca...}, fedcm:accounts: true, goog:chromeOptions: {debuggerAddress: localhost:62086}, javascriptEnabled: true, networkConnectionEnabled: false, pageLoadStrategy: normal, platform: WINDOWS, platformName: WINDOWS, proxy: Proxy(), setWindowRect: true, strictFileInteractability: false, timeouts: {implicit: 0, pageLoad: 300000, script: 30000}, unhandledPromptBehavior: dismiss and notify, webauthn:extension:credBlob: true, webauthn:extension:largeBlob: true, webauthn:extension:minPinLength: true, webauthn:extension:prf: true, webauthn:virtualAuthenticators: true}
Session ID: 94129e78318f8f004fd827a82fd184e5 
]]></system-out>
  </testcase>
  <testcase name="addNew_requiredField" classname="Test_Branch" time="2.404">
    <error message="no such element: Unable to locate element: {&quot;method&quot;:&quot;xpath&quot;,&quot;selector&quot;:&quot;//*[@id=&quot;layout-wrapper&quot;]/div[2]/div[2]/div/div/div/div/div/div[1]/div[2]/div/button&quot;}&#10;  (Session info: chrome=126.0.6478.127)&#10;For documentation on this error, please visit: https://www.seleniumhq.org/exceptions/no_such_element.html&#10;Build info: version: &apos;3.141.59&apos;, revision: &apos;e82be7d358&apos;, time: &apos;2018-11-14T08:17:03&apos;&#10;System info: host: &apos;DESKTOP-88054L4&apos;, ip: &apos;192.168.1.23&apos;, os.name: &apos;Windows 11&apos;, os.arch: &apos;amd64&apos;, os.version: &apos;10.0&apos;, java.version: &apos;17.0.10&apos;&#10;Driver info: org.openqa.selenium.chrome.ChromeDriver&#10;Capabilities {acceptInsecureCerts: false, browserName: chrome, browserVersion: 126.0.6478.127, chrome: {chromedriverVersion: 126.0.6478.126 (d36ace6122e..., userDataDir: C:\Users\90545\AppData\Loca...}, fedcm:accounts: true, goog:chromeOptions: {debuggerAddress: localhost:62083}, javascriptEnabled: true, networkConnectionEnabled: false, pageLoadStrategy: normal, platform: WINDOWS, platformName: WINDOWS, proxy: Proxy(), setWindowRect: true, strictFileInteractability: false, timeouts: {implicit: 0, pageLoad: 300000, script: 30000}, unhandledPromptBehavior: dismiss and notify, webauthn:extension:credBlob: true, webauthn:extension:largeBlob: true, webauthn:extension:minPinLength: true, webauthn:extension:prf: true, webauthn:virtualAuthenticators: true}&#10;Session ID: 351ffcfe078cb409eae0845e0d986b91&#10;*** Element info: {Using=xpath, value=//*[@id=&quot;layout-wrapper&quot;]/div[2]/div[2]/div/div/div/div/div/div[1]/div[2]/div/button}" type="org.openqa.selenium.NoSuchElementException">org.openqa.selenium.NoSuchElementException: 
no such element: Unable to locate element: {"method":"xpath","selector":"//*[@id="layout-wrapper"]/div[2]/div[2]/div/div/div/div/div/div[1]/div[2]/div/button"}
  (Session info: chrome=126.0.6478.127)
For documentation on this error, please visit: https://www.seleniumhq.org/exceptions/no_such_element.html
Build info: version: '3.141.59', revision: 'e82be7d358', time: '2018-11-14T08:17:03'
System info: host: 'DESKTOP-88054L4', ip: '192.168.1.23', os.name: 'Windows 11', os.arch: 'amd64', os.version: '10.0', java.version: '17.0.10'
Driver info: org.openqa.selenium.chrome.ChromeDriver
Capabilities {acceptInsecureCerts: false, browserName: chrome, browserVersion: 126.0.6478.127, chrome: {chromedriverVersion: 126.0.6478.126 (d36ace6122e..., userDataDir: C:\Users\90545\AppData\Loca...}, fedcm:accounts: true, goog:chromeOptions: {debuggerAddress: localhost:62083}, javascriptEnabled: true, networkConnectionEnabled: false, pageLoadStrategy: normal, platform: WINDOWS, platformName: WINDOWS, proxy: Proxy(), setWindowRect: true, strictFileInteractability: false, timeouts: {implicit: 0, pageLoad: 300000, script: 30000}, unhandledPromptBehavior: dismiss and notify, webauthn:extension:credBlob: true, webauthn:extension:largeBlob: true, webauthn:extension:minPinLength: true, webauthn:extension:prf: true, webauthn:virtualAuthenticators: true}
Session ID: 351ffcfe078cb409eae0845e0d986b91
*** Element info: {Using=xpath, value=//*[@id="layout-wrapper"]/div[2]/div[2]/div/div/div/div/div/div[1]/div[2]/div/button}
	at Test_Branch.addNew_requiredField(Test_Branch.java:47)
</error>
    <system-out><![CDATA[2024-07-08 15:58:56,265 ERROR [Log] addNew_requiredField()Failed with cause: no such element: Unable to locate element: {"method":"xpath","selector":"//*[@id="layout-wrapper"]/div[2]/div[2]/div/div/div/div/div/div[1]/div[2]/div/button"}
  (Session info: chrome=126.0.6478.127)
For documentation on this error, please visit: https://www.seleniumhq.org/exceptions/no_such_element.html
Build info: version: '3.141.59', revision: 'e82be7d358', time: '2018-11-14T08:17:03'
System info: host: 'DESKTOP-88054L4', ip: '192.168.1.23', os.name: 'Windows 11', os.arch: 'amd64', os.version: '10.0', java.version: '17.0.10'
Driver info: org.openqa.selenium.chrome.ChromeDriver
Capabilities {acceptInsecureCerts: false, browserName: chrome, browserVersion: 126.0.6478.127, chrome: {chromedriverVersion: 126.0.6478.126 (d36ace6122e..., userDataDir: C:\Users\90545\AppData\Loca...}, fedcm:accounts: true, goog:chromeOptions: {debuggerAddress: localhost:62083}, javascriptEnabled: true, networkConnectionEnabled: false, pageLoadStrategy: normal, platform: WINDOWS, platformName: WINDOWS, proxy: Proxy(), setWindowRect: true, strictFileInteractability: false, timeouts: {implicit: 0, pageLoad: 300000, script: 30000}, unhandledPromptBehavior: dismiss and notify, webauthn:extension:credBlob: true, webauthn:extension:largeBlob: true, webauthn:extension:minPinLength: true, webauthn:extension:prf: true, webauthn:virtualAuthenticators: true}
Session ID: 351ffcfe078cb409eae0845e0d986b91
*** Element info: {Using=xpath, value=//*[@id="layout-wrapper"]/div[2]/div[2]/div/div/div/div/div/div[1]/div[2]/div/button} 
]]></system-out>
  </testcase>
  <testcase name="addNew_mustUniq" classname="Test_Client" time="0.003">
    <error message="element click intercepted: Element &lt;button type=&quot;button&quot; class=&quot;btn btn-outline btn btn-link&quot; style=&quot;color: rgb(0, 0, 0);&quot;&gt;...&lt;/button&gt; is not clickable at point (1170, 135). Other element would receive the click: &lt;div class=&quot; css-1xc3v61-indicatorContainer&quot; aria-hidden=&quot;true&quot;&gt;...&lt;/div&gt;&#10;  (Session info: chrome=126.0.6478.127)&#10;Build info: version: &apos;3.141.59&apos;, revision: &apos;e82be7d358&apos;, time: &apos;2018-11-14T08:17:03&apos;&#10;System info: host: &apos;DESKTOP-88054L4&apos;, ip: &apos;192.168.1.23&apos;, os.name: &apos;Windows 11&apos;, os.arch: &apos;amd64&apos;, os.version: &apos;10.0&apos;, java.version: &apos;17.0.10&apos;&#10;Driver info: org.openqa.selenium.chrome.ChromeDriver&#10;Capabilities {acceptInsecureCerts: false, browserName: chrome, browserVersion: 126.0.6478.127, chrome: {chromedriverVersion: 126.0.6478.126 (d36ace6122e..., userDataDir: C:\Users\90545\AppData\Loca...}, fedcm:accounts: true, goog:chromeOptions: {debuggerAddress: localhost:62086}, javascriptEnabled: true, networkConnectionEnabled: false, pageLoadStrategy: normal, platform: WINDOWS, platformName: WINDOWS, proxy: Proxy(), setWindowRect: true, strictFileInteractability: false, timeouts: {implicit: 0, pageLoad: 300000, script: 30000}, unhandledPromptBehavior: dismiss and notify, webauthn:extension:credBlob: true, webauthn:extension:largeBlob: true, webauthn:extension:minPinLength: true, webauthn:extension:prf: true, webauthn:virtualAuthenticators: true}&#10;Session ID: 94129e78318f8f004fd827a82fd184e5" type="org.openqa.selenium.ElementClickInterceptedException"><![CDATA[org.openqa.selenium.ElementClickInterceptedException: 
element click intercepted: Element <button type="button" class="btn btn-outline btn btn-link" style="color: rgb(0, 0, 0);">...</button> is not clickable at point (1170, 135). Other element would receive the click: <div class=" css-1xc3v61-indicatorContainer" aria-hidden="true">...</div>
  (Session info: chrome=126.0.6478.127)
Build info: version: '3.141.59', revision: 'e82be7d358', time: '2018-11-14T08:17:03'
System info: host: 'DESKTOP-88054L4', ip: '192.168.1.23', os.name: 'Windows 11', os.arch: 'amd64', os.version: '10.0', java.version: '17.0.10'
Driver info: org.openqa.selenium.chrome.ChromeDriver
Capabilities {acceptInsecureCerts: false, browserName: chrome, browserVersion: 126.0.6478.127, chrome: {chromedriverVersion: 126.0.6478.126 (d36ace6122e..., userDataDir: C:\Users\90545\AppData\Loca...}, fedcm:accounts: true, goog:chromeOptions: {debuggerAddress: localhost:62086}, javascriptEnabled: true, networkConnectionEnabled: false, pageLoadStrategy: normal, platform: WINDOWS, platformName: WINDOWS, proxy: Proxy(), setWindowRect: true, strictFileInteractability: false, timeouts: {implicit: 0, pageLoad: 300000, script: 30000}, unhandledPromptBehavior: dismiss and notify, webauthn:extension:credBlob: true, webauthn:extension:largeBlob: true, webauthn:extension:minPinLength: true, webauthn:extension:prf: true, webauthn:virtualAuthenticators: true}
Session ID: 94129e78318f8f004fd827a82fd184e5
	at Test_Client.addNew_mustUniq(Test_Client.java:182)
]]></error>
    <system-out><![CDATA[Phone Number 30 Limited: 30 maximum character limit exceeded
2024-07-08 15:58:52,532 ERROR [Log] addNew_mustUniq()Failed with cause: element click intercepted: Element <button type="button" class="btn btn-outline btn btn-link" style="color: rgb(0, 0, 0);">...</button> is not clickable at point (1170, 135). Other element would receive the click: <div class=" css-1xc3v61-indicatorContainer" aria-hidden="true">...</div>
  (Session info: chrome=126.0.6478.127)
Build info: version: '3.141.59', revision: 'e82be7d358', time: '2018-11-14T08:17:03'
System info: host: 'DESKTOP-88054L4', ip: '192.168.1.23', os.name: 'Windows 11', os.arch: 'amd64', os.version: '10.0', java.version: '17.0.10'
Driver info: org.openqa.selenium.chrome.ChromeDriver
Capabilities {acceptInsecureCerts: false, browserName: chrome, browserVersion: 126.0.6478.127, chrome: {chromedriverVersion: 126.0.6478.126 (d36ace6122e..., userDataDir: C:\Users\90545\AppData\Loca...}, fedcm:accounts: true, goog:chromeOptions: {debuggerAddress: localhost:62086}, javascriptEnabled: true, networkConnectionEnabled: false, pageLoadStrategy: normal, platform: WINDOWS, platformName: WINDOWS, proxy: Proxy(), setWindowRect: true, strictFileInteractability: false, timeouts: {implicit: 0, pageLoad: 300000, script: 30000}, unhandledPromptBehavior: dismiss and notify, webauthn:extension:credBlob: true, webauthn:extension:largeBlob: true, webauthn:extension:minPinLength: true, webauthn:extension:prf: true, webauthn:virtualAuthenticators: true}
Session ID: 94129e78318f8f004fd827a82fd184e5 
]]></system-out>
  </testcase>
  <testcase name="addNew" classname="Test_Client" time="2.396">
    <error message="element click intercepted: Element &lt;button type=&quot;button&quot; class=&quot;btn btn-outline btn btn-link&quot; style=&quot;color: rgb(0, 0, 0);&quot;&gt;...&lt;/button&gt; is not clickable at point (1170, 135). Other element would receive the click: &lt;div class=&quot; css-1xc3v61-indicatorContainer&quot; aria-hidden=&quot;true&quot;&gt;...&lt;/div&gt;&#10;  (Session info: chrome=126.0.6478.127)&#10;Build info: version: &apos;3.141.59&apos;, revision: &apos;e82be7d358&apos;, time: &apos;2018-11-14T08:17:03&apos;&#10;System info: host: &apos;DESKTOP-88054L4&apos;, ip: &apos;192.168.1.23&apos;, os.name: &apos;Windows 11&apos;, os.arch: &apos;amd64&apos;, os.version: &apos;10.0&apos;, java.version: &apos;17.0.10&apos;&#10;Driver info: org.openqa.selenium.chrome.ChromeDriver&#10;Capabilities {acceptInsecureCerts: false, browserName: chrome, browserVersion: 126.0.6478.127, chrome: {chromedriverVersion: 126.0.6478.126 (d36ace6122e..., userDataDir: C:\Users\90545\AppData\Loca...}, fedcm:accounts: true, goog:chromeOptions: {debuggerAddress: localhost:62086}, javascriptEnabled: true, networkConnectionEnabled: false, pageLoadStrategy: normal, platform: WINDOWS, platformName: WINDOWS, proxy: Proxy(), setWindowRect: true, strictFileInteractability: false, timeouts: {implicit: 0, pageLoad: 300000, script: 30000}, unhandledPromptBehavior: dismiss and notify, webauthn:extension:credBlob: true, webauthn:extension:largeBlob: true, webauthn:extension:minPinLength: true, webauthn:extension:prf: true, webauthn:virtualAuthenticators: true}&#10;Session ID: 94129e78318f8f004fd827a82fd184e5" type="org.openqa.selenium.ElementClickInterceptedException"><![CDATA[org.openqa.selenium.ElementClickInterceptedException: 
element click intercepted: Element <button type="button" class="btn btn-outline btn btn-link" style="color: rgb(0, 0, 0);">...</button> is not clickable at point (1170, 135). Other element would receive the click: <div class=" css-1xc3v61-indicatorContainer" aria-hidden="true">...</div>
  (Session info: chrome=126.0.6478.127)
Build info: version: '3.141.59', revision: 'e82be7d358', time: '2018-11-14T08:17:03'
System info: host: 'DESKTOP-88054L4', ip: '192.168.1.23', os.name: 'Windows 11', os.arch: 'amd64', os.version: '10.0', java.version: '17.0.10'
Driver info: org.openqa.selenium.chrome.ChromeDriver
Capabilities {acceptInsecureCerts: false, browserName: chrome, browserVersion: 126.0.6478.127, chrome: {chromedriverVersion: 126.0.6478.126 (d36ace6122e..., userDataDir: C:\Users\90545\AppData\Loca...}, fedcm:accounts: true, goog:chromeOptions: {debuggerAddress: localhost:62086}, javascriptEnabled: true, networkConnectionEnabled: false, pageLoadStrategy: normal, platform: WINDOWS, platformName: WINDOWS, proxy: Proxy(), setWindowRect: true, strictFileInteractability: false, timeouts: {implicit: 0, pageLoad: 300000, script: 30000}, unhandledPromptBehavior: dismiss and notify, webauthn:extension:credBlob: true, webauthn:extension:largeBlob: true, webauthn:extension:minPinLength: true, webauthn:extension:prf: true, webauthn:virtualAuthenticators: true}
Session ID: 94129e78318f8f004fd827a82fd184e5
	at Test_Client.addNew(Test_Client.java:208)
]]></error>
    <system-out><![CDATA[2024-07-08 15:58:54,042 ERROR [Log] addNew()Failed with cause: element click intercepted: Element <button type="button" class="btn btn-outline btn btn-link" style="color: rgb(0, 0, 0);">...</button> is not clickable at point (1170, 135). Other element would receive the click: <div class=" css-1xc3v61-indicatorContainer" aria-hidden="true">...</div>
  (Session info: chrome=126.0.6478.127)
Build info: version: '3.141.59', revision: 'e82be7d358', time: '2018-11-14T08:17:03'
System info: host: 'DESKTOP-88054L4', ip: '192.168.1.23', os.name: 'Windows 11', os.arch: 'amd64', os.version: '10.0', java.version: '17.0.10'
Driver info: org.openqa.selenium.chrome.ChromeDriver
Capabilities {acceptInsecureCerts: false, browserName: chrome, browserVersion: 126.0.6478.127, chrome: {chromedriverVersion: 126.0.6478.126 (d36ace6122e..., userDataDir: C:\Users\90545\AppData\Loca...}, fedcm:accounts: true, goog:chromeOptions: {debuggerAddress: localhost:62086}, javascriptEnabled: true, networkConnectionEnabled: false, pageLoadStrategy: normal, platform: WINDOWS, platformName: WINDOWS, proxy: Proxy(), setWindowRect: true, strictFileInteractability: false, timeouts: {implicit: 0, pageLoad: 300000, script: 30000}, unhandledPromptBehavior: dismiss and notify, webauthn:extension:credBlob: true, webauthn:extension:largeBlob: true, webauthn:extension:minPinLength: true, webauthn:extension:prf: true, webauthn:virtualAuthenticators: true}
Session ID: 94129e78318f8f004fd827a82fd184e5 
]]></system-out>
  </testcase>
  <testcase name="Columns" classname="Test_Client" time="0.001">
    <error message="element click intercepted: Element &lt;button type=&quot;button&quot; ref=&quot;eToggleButton&quot; tabindex=&quot;-1&quot; role=&quot;tab&quot; aria-expanded=&quot;false&quot; class=&quot;ag-button ag-side-button-button&quot; id=&quot;ag-8-button&quot; aria-controls=&quot;ag-9&quot;&gt;...&lt;/button&gt; is not clickable at point (1278, 235). Other element would receive the click: &lt;div class=&quot;modal fade show&quot; role=&quot;dialog&quot; tabindex=&quot;-1&quot; style=&quot;display: block;&quot;&gt;...&lt;/div&gt;&#10;  (Session info: chrome=126.0.6478.127)&#10;Build info: version: &apos;3.141.59&apos;, revision: &apos;e82be7d358&apos;, time: &apos;2018-11-14T08:17:03&apos;&#10;System info: host: &apos;DESKTOP-88054L4&apos;, ip: &apos;192.168.1.23&apos;, os.name: &apos;Windows 11&apos;, os.arch: &apos;amd64&apos;, os.version: &apos;10.0&apos;, java.version: &apos;17.0.10&apos;&#10;Driver info: org.openqa.selenium.chrome.ChromeDriver&#10;Capabilities {acceptInsecureCerts: false, browserName: chrome, browserVersion: 126.0.6478.127, chrome: {chromedriverVersion: 126.0.6478.126 (d36ace6122e..., userDataDir: C:\Users\90545\AppData\Loca...}, fedcm:accounts: true, goog:chromeOptions: {debuggerAddress: localhost:62086}, javascriptEnabled: true, networkConnectionEnabled: false, pageLoadStrategy: normal, platform: WINDOWS, platformName: WINDOWS, proxy: Proxy(), setWindowRect: true, strictFileInteractability: false, timeouts: {implicit: 0, pageLoad: 300000, script: 30000}, unhandledPromptBehavior: dismiss and notify, webauthn:extension:credBlob: true, webauthn:extension:largeBlob: true, webauthn:extension:minPinLength: true, webauthn:extension:prf: true, webauthn:virtualAuthenticators: true}&#10;Session ID: 94129e78318f8f004fd827a82fd184e5" type="org.openqa.selenium.ElementClickInterceptedException"><![CDATA[org.openqa.selenium.ElementClickInterceptedException: 
element click intercepted: Element <button type="button" ref="eToggleButton" tabindex="-1" role="tab" aria-expanded="false" class="ag-button ag-side-button-button" id="ag-8-button" aria-controls="ag-9">...</button> is not clickable at point (1278, 235). Other element would receive the click: <div class="modal fade show" role="dialog" tabindex="-1" style="display: block;">...</div>
  (Session info: chrome=126.0.6478.127)
Build info: version: '3.141.59', revision: 'e82be7d358', time: '2018-11-14T08:17:03'
System info: host: 'DESKTOP-88054L4', ip: '192.168.1.23', os.name: 'Windows 11', os.arch: 'amd64', os.version: '10.0', java.version: '17.0.10'
Driver info: org.openqa.selenium.chrome.ChromeDriver
Capabilities {acceptInsecureCerts: false, browserName: chrome, browserVersion: 126.0.6478.127, chrome: {chromedriverVersion: 126.0.6478.126 (d36ace6122e..., userDataDir: C:\Users\90545\AppData\Loca...}, fedcm:accounts: true, goog:chromeOptions: {debuggerAddress: localhost:62086}, javascriptEnabled: true, networkConnectionEnabled: false, pageLoadStrategy: normal, platform: WINDOWS, platformName: WINDOWS, proxy: Proxy(), setWindowRect: true, strictFileInteractability: false, timeouts: {implicit: 0, pageLoad: 300000, script: 30000}, unhandledPromptBehavior: dismiss and notify, webauthn:extension:credBlob: true, webauthn:extension:largeBlob: true, webauthn:extension:minPinLength: true, webauthn:extension:prf: true, webauthn:virtualAuthenticators: true}
Session ID: 94129e78318f8f004fd827a82fd184e5
	at Test_Client.Columns(Test_Client.java:521)
]]></error>
    <system-out><![CDATA[2024-07-08 15:58:57,000 ERROR [Log] Columns()Failed with cause: element click intercepted: Element <button type="button" ref="eToggleButton" tabindex="-1" role="tab" aria-expanded="false" class="ag-button ag-side-button-button" id="ag-8-button" aria-controls="ag-9">...</button> is not clickable at point (1278, 235). Other element would receive the click: <div class="modal fade show" role="dialog" tabindex="-1" style="display: block;">...</div>
  (Session info: chrome=126.0.6478.127)
Build info: version: '3.141.59', revision: 'e82be7d358', time: '2018-11-14T08:17:03'
System info: host: 'DESKTOP-88054L4', ip: '192.168.1.23', os.name: 'Windows 11', os.arch: 'amd64', os.version: '10.0', java.version: '17.0.10'
Driver info: org.openqa.selenium.chrome.ChromeDriver
Capabilities {acceptInsecureCerts: false, browserName: chrome, browserVersion: 126.0.6478.127, chrome: {chromedriverVersion: 126.0.6478.126 (d36ace6122e..., userDataDir: C:\Users\90545\AppData\Loca...}, fedcm:accounts: true, goog:chromeOptions: {debuggerAddress: localhost:62086}, javascriptEnabled: true, networkConnectionEnabled: false, pageLoadStrategy: normal, platform: WINDOWS, platformName: WINDOWS, proxy: Proxy(), setWindowRect: true, strictFileInteractability: false, timeouts: {implicit: 0, pageLoad: 300000, script: 30000}, unhandledPromptBehavior: dismiss and notify, webauthn:extension:credBlob: true, webauthn:extension:largeBlob: true, webauthn:extension:minPinLength: true, webauthn:extension:prf: true, webauthn:virtualAuthenticators: true}
Session ID: 94129e78318f8f004fd827a82fd184e5 
]]></system-out>
  </testcase>
  <testcase name="delete" classname="Test_Currency" time="7.716"/>
  <testcase name="grid_search" classname="Test_City" time="0.391">
    <error message="Expected condition failed: waiting for visibility of element located by By.cssSelector: #layout-wrapper &gt; div.main-content &gt; div.page-content &gt; div &gt; div &gt; div &gt; div &gt; div &gt; div.ag-theme-alpine &gt; div &gt; div &gt; div.ag-root-wrapper-body.ag-focus-managed.ag-layout-normal &gt; div.ag-root.ag-unselectable.ag-layout-normal &gt; div.ag-header.ag-pivot-off.ag-header-allow-overflow &gt; div.ag-header-viewport &gt; div &gt; div &gt; div:nth-child(1) &gt; div.ag-header-cell-comp-wrapper &gt; div &gt; span &gt; span (tried for 20 second(s) with 500 milliseconds interval)" type="org.openqa.selenium.TimeoutException">org.openqa.selenium.TimeoutException: Expected condition failed: waiting for visibility of element located by By.cssSelector: #layout-wrapper > div.main-content > div.page-content > div > div > div > div > div > div.ag-theme-alpine > div > div > div.ag-root-wrapper-body.ag-focus-managed.ag-layout-normal > div.ag-root.ag-unselectable.ag-layout-normal > div.ag-header.ag-pivot-off.ag-header-allow-overflow > div.ag-header-viewport > div > div > div:nth-child(1) > div.ag-header-cell-comp-wrapper > div > span > span (tried for 20 second(s) with 500 milliseconds interval)
	at Test_City.grid_search(Test_City.java:113)
Caused by: org.openqa.selenium.NoSuchElementException: 
no such element: Unable to locate element: {"method":"css selector","selector":"#layout-wrapper > div.main-content > div.page-content > div > div > div > div > div > div.ag-theme-alpine > div > div > div.ag-root-wrapper-body.ag-focus-managed.ag-layout-normal > div.ag-root.ag-unselectable.ag-layout-normal > div.ag-header.ag-pivot-off.ag-header-allow-overflow > div.ag-header-viewport > div > div > div:nth-child(1) > div.ag-header-cell-comp-wrapper > div > span > span"}
  (Session info: chrome=126.0.6478.127)
For documentation on this error, please visit: https://www.seleniumhq.org/exceptions/no_such_element.html
Build info: version: '3.141.59', revision: 'e82be7d358', time: '2018-11-14T08:17:03'
System info: host: 'DESKTOP-88054L4', ip: '192.168.1.23', os.name: 'Windows 11', os.arch: 'amd64', os.version: '10.0', java.version: '17.0.10'
Driver info: org.openqa.selenium.chrome.ChromeDriver
Capabilities {acceptInsecureCerts: false, browserName: chrome, browserVersion: 126.0.6478.127, chrome: {chromedriverVersion: 126.0.6478.126 (d36ace6122e..., userDataDir: C:\Users\90545\AppData\Loca...}, fedcm:accounts: true, goog:chromeOptions: {debuggerAddress: localhost:62082}, javascriptEnabled: true, networkConnectionEnabled: false, pageLoadStrategy: normal, platform: WINDOWS, platformName: WINDOWS, proxy: Proxy(), setWindowRect: true, strictFileInteractability: false, timeouts: {implicit: 0, pageLoad: 300000, script: 30000}, unhandledPromptBehavior: dismiss and notify, webauthn:extension:credBlob: true, webauthn:extension:largeBlob: true, webauthn:extension:minPinLength: true, webauthn:extension:prf: true, webauthn:virtualAuthenticators: true}
Session ID: 922e6025d916b6fd8a99654250c56263
*** Element info: {Using=css selector, value=#layout-wrapper > div.main-content > div.page-content > div > div > div > div > div > div.ag-theme-alpine > div > div > div.ag-root-wrapper-body.ag-focus-managed.ag-layout-normal > div.ag-root.ag-unselectable.ag-layout-normal > div.ag-header.ag-pivot-off.ag-header-allow-overflow > div.ag-header-viewport > div > div > div:nth-child(1) > div.ag-header-cell-comp-wrapper > div > span > span}
	at Test_City.grid_search(Test_City.java:113)
</error>
    <system-out><![CDATA[2024-07-08 15:59:06,393 ERROR [Log] grid_search()Failed with cause: Expected condition failed: waiting for visibility of element located by By.cssSelector: #layout-wrapper > div.main-content > div.page-content > div > div > div > div > div > div.ag-theme-alpine > div > div > div.ag-root-wrapper-body.ag-focus-managed.ag-layout-normal > div.ag-root.ag-unselectable.ag-layout-normal > div.ag-header.ag-pivot-off.ag-header-allow-overflow > div.ag-header-viewport > div > div > div:nth-child(1) > div.ag-header-cell-comp-wrapper > div > span > span (tried for 20 second(s) with 500 milliseconds interval) 
]]></system-out>
  </testcase>
</testsuite>